[2023-04-06T20:51:07.458] [DEBUG] cheese - login => username:ww,password:123456
[2023-04-06T20:51:07.463] [DEBUG] cheese - ww
[2023-04-06T20:51:44.086] [DEBUG] cheese - login => username:ww,password:123456
[2023-04-06T20:51:44.087] [DEBUG] cheese - ww
[2023-04-06T21:02:54.551] [DEBUG] cheese - login => username:admin,password:123456
[2023-04-06T21:02:54.554] [DEBUG] cheese - admin
[2023-04-06T21:02:54.569] [DEBUG] cheese - null
[2023-04-06T21:02:54.569] [DEBUG] cheese - null
[2023-04-07T13:35:45.635] [DEBUG] cheese - login => username:admin,password:123456
[2023-04-07T13:35:45.637] [DEBUG] cheese - admin
[2023-04-07T13:35:45.657] [DEBUG] cheese - null
[2023-04-07T13:35:45.657] [DEBUG] cheese - null
[2023-04-07T13:35:47.139] [DEBUG] cheese - login => username:admin,password:123456
[2023-04-07T13:35:47.140] [DEBUG] cheese - admin
[2023-04-07T13:35:47.146] [DEBUG] cheese - null
[2023-04-07T13:35:47.147] [DEBUG] cheese - null
[2023-04-07T15:52:40.128] [DEBUG] cheese - login => username:senyas,password:1234561
[2023-04-07T15:52:40.129] [DEBUG] cheese - senyas
[2023-04-07T15:52:40.145] [DEBUG] cheese - null
[2023-04-07T15:52:40.146] [DEBUG] cheese - null
[2023-04-07T15:53:32.453] [DEBUG] cheese - login => username:admin,password:123456
[2023-04-07T15:53:32.453] [DEBUG] cheese - admin
[2023-04-07T15:53:32.460] [DEBUG] cheese - null
[2023-04-07T15:53:32.461] [DEBUG] cheese - null
[2023-04-07T15:54:16.475] [DEBUG] cheese - login => username:admin,password:123456
[2023-04-07T15:54:16.475] [DEBUG] cheese - admin
[2023-04-07T15:54:16.513] [DEBUG] cheese - null
[2023-04-07T15:54:16.513] [DEBUG] cheese - null
[2023-04-07T15:55:29.394] [DEBUG] cheese - login => username:admin,password:123456
[2023-04-07T15:55:29.395] [DEBUG] cheese - admin
[2023-04-07T15:55:29.418] [DEBUG] cheese - null
[2023-04-07T15:55:29.418] [DEBUG] cheese - null
[2023-04-07T15:56:00.504] [DEBUG] cheese - login => username:admin,password:123456
[2023-04-07T15:56:00.505] [DEBUG] cheese - admin
[2023-04-07T15:56:00.545] [DEBUG] cheese - null
[2023-04-07T15:56:00.545] [DEBUG] cheese - null
[2023-04-07T15:57:01.377] [DEBUG] cheese - login => username:admin,password:123456
[2023-04-07T15:57:01.378] [DEBUG] cheese - admin
[2023-04-07T15:57:01.398] [DEBUG] cheese - null
[2023-04-07T15:57:01.398] [DEBUG] cheese - null
[2023-04-07T15:58:10.901] [DEBUG] cheese - login => username:admin,password:12345611
[2023-04-07T15:58:10.902] [DEBUG] cheese - admin
[2023-04-07T15:58:10.940] [DEBUG] cheese - null
[2023-04-07T15:58:10.940] [DEBUG] cheese - null
[2023-04-07T15:58:34.890] [DEBUG] cheese - login => username:senyas,password:w1e123456
[2023-04-07T15:58:34.890] [DEBUG] cheese - senyas
[2023-04-07T15:58:34.906] [DEBUG] cheese - null
[2023-04-07T15:58:34.907] [DEBUG] cheese - null
[2023-04-07T15:58:49.237] [DEBUG] cheese - login => username:senyas,password:w1ekrE.
[2023-04-07T15:58:49.237] [DEBUG] cheese - senyas
[2023-04-07T15:58:49.259] [DEBUG] cheese - null
[2023-04-07T15:58:49.259] [DEBUG] cheese - null
[2023-04-07T16:06:32.717] [DEBUG] cheese - login => username:amdinb,password:asdfgh
[2023-04-07T16:06:32.717] [DEBUG] cheese - amdinb
[2023-04-07T16:06:32.738] [DEBUG] cheese - null
[2023-04-07T16:06:32.738] [DEBUG] cheese - null
[2023-04-07T16:07:08.565] [DEBUG] cheese - login => username:senyas,password:w1ekrE.F2<Ga6
[2023-04-07T16:07:08.566] [DEBUG] cheese - senyas
[2023-04-07T16:07:08.584] [DEBUG] cheese - null
[2023-04-07T16:07:08.584] [DEBUG] cheese - null
[2023-04-07T16:07:10.455] [DEBUG] cheese - login => username:senyas,password:w1ekrE.F2<Ga6
[2023-04-07T16:07:10.456] [DEBUG] cheese - senyas
[2023-04-07T16:07:10.462] [DEBUG] cheese - null
[2023-04-07T16:07:10.462] [DEBUG] cheese - null
[2023-04-07T16:07:42.312] [DEBUG] cheese - login => username:senyas,password:w1ekrE.F2<Ga6
[2023-04-07T16:07:42.312] [DEBUG] cheese - senyas
[2023-04-07T16:07:42.321] [DEBUG] cheese - null
[2023-04-07T16:07:42.321] [DEBUG] cheese - null
[2023-04-07T16:07:43.004] [DEBUG] cheese - login => username:senyas,password:w1ekrE.F2<Ga6
[2023-04-07T16:07:43.004] [DEBUG] cheese - senyas
[2023-04-07T16:07:43.009] [DEBUG] cheese - null
[2023-04-07T16:07:43.009] [DEBUG] cheese - null
[2023-04-07T16:07:43.874] [DEBUG] cheese - login => username:senyas,password:w1ekrE.F2<Ga6
[2023-04-07T16:07:43.874] [DEBUG] cheese - senyas
[2023-04-07T16:07:43.882] [DEBUG] cheese - null
[2023-04-07T16:07:43.882] [DEBUG] cheese - null
[2023-04-07T16:07:44.072] [DEBUG] cheese - login => username:senyas,password:w1ekrE.F2<Ga6
[2023-04-07T16:07:44.072] [DEBUG] cheese - senyas
[2023-04-07T16:07:44.077] [DEBUG] cheese - null
[2023-04-07T16:07:44.077] [DEBUG] cheese - null
[2023-04-07T16:07:44.236] [DEBUG] cheese - login => username:senyas,password:w1ekrE.F2<Ga6
[2023-04-07T16:07:44.236] [DEBUG] cheese - senyas
[2023-04-07T16:07:44.243] [DEBUG] cheese - null
[2023-04-07T16:07:44.244] [DEBUG] cheese - null
[2023-04-07T16:12:35.230] [DEBUG] cheese - login => username:senyas,password:w1ekrE.F2<Ga6p=5o
[2023-04-07T16:12:35.230] [DEBUG] cheese - senyas
[2023-04-07T16:12:35.252] [DEBUG] cheese - null
[2023-04-07T16:12:35.252] [DEBUG] cheese - null
[2023-04-07T16:12:37.235] [DEBUG] cheese - login => username:senyas,password:w1ekrE.F2<Ga6p=5o
[2023-04-07T16:12:37.235] [DEBUG] cheese - senyas
[2023-04-07T16:12:37.241] [DEBUG] cheese - null
[2023-04-07T16:12:37.241] [DEBUG] cheese - null
[2023-04-07T16:13:43.297] [DEBUG] cheese - login => username:senyas,password:w1ekrE.F2<G
[2023-04-07T16:13:43.297] [DEBUG] cheese - senyas
[2023-04-07T16:13:43.317] [DEBUG] cheese - null
[2023-04-07T16:13:43.317] [DEBUG] cheese - null
[2023-04-07T16:13:51.322] [DEBUG] cheese - login => username:senyas,password:w1ekrE.F2<G
[2023-04-07T16:13:51.322] [DEBUG] cheese - senyas
[2023-04-07T16:13:51.328] [DEBUG] cheese - null
[2023-04-07T16:13:51.328] [DEBUG] cheese - null
[2023-04-07T16:14:07.671] [DEBUG] cheese - login => username:senyas,password:w1ekrE.F2<Ga6p=5o$:
[2023-04-07T16:14:07.671] [DEBUG] cheese - senyas
[2023-04-07T16:14:07.689] [DEBUG] cheese - null
[2023-04-07T16:14:07.689] [DEBUG] cheese - null
[2023-04-07T16:20:54.725] [DEBUG] cheese - login => username:senyas,password:w1ekrE.F2<Ga6p=
[2023-04-07T16:20:54.725] [DEBUG] cheese - senyas
[2023-04-07T16:20:54.742] [DEBUG] cheese - null
[2023-04-07T16:20:54.742] [DEBUG] cheese - null
[2023-04-07T17:12:29.903] [DEBUG] cheese - login => username:admin,password:123456
[2023-04-07T17:12:29.906] [DEBUG] cheese - admin
[2023-04-07T17:12:29.944] [DEBUG] cheese - null
[2023-04-07T17:12:29.944] [DEBUG] cheese - null
[2023-04-07T21:36:08.474] [DEBUG] cheese - login => username:admin,password:123456
[2023-04-07T21:36:08.477] [DEBUG] cheese - admin
[2023-04-07T21:36:08.493] [DEBUG] cheese - null
[2023-04-07T21:36:08.493] [DEBUG] cheese - null
[2023-04-07T21:42:02.000] [DEBUG] cheese - login => username:admin,password:123456
[2023-04-07T21:42:02.002] [DEBUG] cheese - admin
[2023-04-07T21:42:02.014] [DEBUG] cheese - null
[2023-04-07T21:42:02.015] [DEBUG] cheese - null
[2023-04-07T21:44:46.150] [DEBUG] cheese - login => username:admin,password:123456
[2023-04-07T21:44:46.151] [DEBUG] cheese - admin
[2023-04-07T21:44:46.165] [DEBUG] cheese - null
[2023-04-07T21:44:46.165] [DEBUG] cheese - null
[2023-04-07T21:44:50.428] [DEBUG] cheese - login => username:admin,password:123456
[2023-04-07T21:44:50.428] [DEBUG] cheese - admin
[2023-04-07T21:44:50.434] [DEBUG] cheese - null
[2023-04-07T21:44:50.435] [DEBUG] cheese - null
[2023-04-07T21:46:30.079] [DEBUG] cheese - login => username:senyas,password:w1ekrE.F2<Ga6p
[2023-04-07T21:46:30.080] [DEBUG] cheese - senyas
[2023-04-07T21:46:30.092] [DEBUG] cheese - null
[2023-04-07T21:46:30.093] [DEBUG] cheese - null
[2023-04-07T21:47:09.597] [DEBUG] cheese - login => username:senyas,password:w1ekrE.
[2023-04-07T21:47:09.597] [DEBUG] cheese - senyas
[2023-04-07T21:47:09.605] [DEBUG] cheese - null
[2023-04-07T21:47:09.605] [DEBUG] cheese - null
[2023-04-07T21:48:18.387] [DEBUG] cheese - login => username:senyas,password:w1ekr12345
[2023-04-07T21:48:18.387] [DEBUG] cheese - senyas
[2023-04-07T21:48:18.397] [DEBUG] cheese - null
[2023-04-07T21:48:18.398] [DEBUG] cheese - null
[2023-04-07T21:48:43.187] [DEBUG] cheese - login => username:senyas,password:w1ekrE.F2<G
[2023-04-07T21:48:43.187] [DEBUG] cheese - senyas
[2023-04-07T21:48:43.195] [DEBUG] cheese - null
[2023-04-07T21:48:43.195] [DEBUG] cheese - null
[2023-04-07T21:48:58.996] [DEBUG] cheese - login => username:admin,password:123456
[2023-04-07T21:48:58.996] [DEBUG] cheese - admin
[2023-04-07T21:48:59.004] [DEBUG] cheese - null
[2023-04-07T21:48:59.004] [DEBUG] cheese - null
[2023-04-07T21:49:00.651] [DEBUG] cheese - login => username:admin,password:123456
[2023-04-07T21:49:00.651] [DEBUG] cheese - admin
[2023-04-07T21:49:00.658] [DEBUG] cheese - null
[2023-04-07T21:49:00.658] [DEBUG] cheese - null
[2023-04-07T21:49:01.350] [DEBUG] cheese - login => username:admin,password:123456
[2023-04-07T21:49:01.351] [DEBUG] cheese - admin
[2023-04-07T21:49:01.360] [DEBUG] cheese - null
[2023-04-07T21:49:01.360] [DEBUG] cheese - null
[2023-04-07T21:49:02.234] [DEBUG] cheese - login => username:admin,password:123456
[2023-04-07T21:49:02.234] [DEBUG] cheese - admin
[2023-04-07T21:49:02.241] [DEBUG] cheese - null
[2023-04-07T21:49:02.241] [DEBUG] cheese - null
[2023-04-07T21:49:02.784] [DEBUG] cheese - login => username:admin,password:123456
[2023-04-07T21:49:02.785] [DEBUG] cheese - admin
[2023-04-07T21:49:02.791] [DEBUG] cheese - null
[2023-04-07T21:49:02.791] [DEBUG] cheese - null
[2023-04-07T21:55:58.058] [DEBUG] cheese - login => username:amdin,password:123456
[2023-04-07T21:55:58.059] [DEBUG] cheese - amdin
[2023-04-07T21:55:58.075] [DEBUG] cheese - null
[2023-04-07T21:55:58.075] [DEBUG] cheese - null
[2023-04-07T21:56:08.701] [DEBUG] cheese - login => username:admin,password:123456
[2023-04-07T21:56:08.701] [DEBUG] cheese - admin
[2023-04-07T21:56:08.708] [DEBUG] cheese - null
[2023-04-07T21:56:08.708] [DEBUG] cheese - null
[2023-04-07T21:57:39.625] [DEBUG] cheese - login => username:admin,password:123456
[2023-04-07T21:57:39.627] [DEBUG] cheese - admin
[2023-04-07T21:57:39.640] [DEBUG] cheese - null
[2023-04-07T21:57:39.640] [DEBUG] cheese - null
[2023-04-07T21:59:34.864] [DEBUG] cheese - login => username:admin,password:123456
[2023-04-07T21:59:34.865] [DEBUG] cheese - admin
[2023-04-07T21:59:34.874] [DEBUG] cheese - null
[2023-04-07T21:59:34.875] [DEBUG] cheese - null
[2023-04-07T22:00:15.387] [DEBUG] cheese - login => username:admin,password:123456
[2023-04-07T22:00:15.387] [DEBUG] cheese - admin
[2023-04-07T22:00:15.399] [DEBUG] cheese - null
[2023-04-07T22:00:15.399] [DEBUG] cheese - null
[2023-04-07T22:03:04.811] [DEBUG] cheese - login => username:admin,password:123456
[2023-04-07T22:03:04.811] [DEBUG] cheese - admin
[2023-04-07T22:03:04.825] [DEBUG] cheese - null
[2023-04-07T22:03:04.825] [DEBUG] cheese - null
[2023-04-07T22:03:44.542] [DEBUG] cheese - login => username:admin,password:123456
[2023-04-07T22:03:44.542] [DEBUG] cheese - admin
[2023-04-07T22:03:44.553] [DEBUG] cheese - null
[2023-04-07T22:03:44.553] [DEBUG] cheese - null
[2023-04-07T22:15:41.812] [DEBUG] cheese - login => username:admin,password:123456
[2023-04-07T22:15:41.812] [DEBUG] cheese - admin
[2023-04-07T22:15:41.828] [DEBUG] cheese - null
[2023-04-07T22:15:41.828] [DEBUG] cheese - null
[2023-04-07T22:17:31.756] [DEBUG] cheese - login => username:admin,password:123456
[2023-04-07T22:17:31.756] [DEBUG] cheese - admin
[2023-04-07T22:17:31.766] [DEBUG] cheese - null
[2023-04-07T22:17:31.767] [DEBUG] cheese - null
[2023-04-07T22:18:53.748] [DEBUG] cheese - login => username:admin,password:123456
[2023-04-07T22:18:53.749] [DEBUG] cheese - admin
[2023-04-07T22:18:53.760] [DEBUG] cheese - null
[2023-04-07T22:18:53.760] [DEBUG] cheese - null
[2023-04-07T23:48:50.130] [DEBUG] cheese - login => username:admin,password:123456
[2023-04-07T23:48:50.131] [DEBUG] cheese - admin
[2023-04-07T23:48:50.142] [DEBUG] cheese - null
[2023-04-07T23:48:50.142] [DEBUG] cheese - null
[2023-04-07T23:48:53.320] [DEBUG] cheese - login => username:admin,password:123456
[2023-04-07T23:48:53.320] [DEBUG] cheese - admin
[2023-04-07T23:48:53.326] [DEBUG] cheese - null
[2023-04-07T23:48:53.326] [DEBUG] cheese - null
[2023-04-08T09:51:45.158] [DEBUG] cheese - login => username:admin,password:123456
[2023-04-08T09:51:45.160] [DEBUG] cheese - admin
[2023-04-08T09:51:45.167] [DEBUG] cheese - null
[2023-04-08T09:51:45.167] [DEBUG] cheese - null
[2023-04-08T10:25:22.266] [DEBUG] cheese - login => username:admin,password:123456
[2023-04-08T10:25:22.267] [DEBUG] cheese - admin
[2023-04-08T10:25:22.274] [DEBUG] cheese - null
[2023-04-08T10:25:22.275] [DEBUG] cheese - null
[2023-04-08T10:25:39.819] [DEBUG] cheese - login => username:admin,password:123456
[2023-04-08T10:25:39.820] [DEBUG] cheese - admin
[2023-04-08T10:25:39.825] [DEBUG] cheese - null
[2023-04-08T10:25:39.825] [DEBUG] cheese - null
[2023-04-08T13:13:42.410] [DEBUG] cheese - login => username:admin,password:123456
[2023-04-08T13:13:42.411] [DEBUG] cheese - admin
[2023-04-08T13:13:42.422] [DEBUG] cheese - null
[2023-04-08T13:13:42.422] [DEBUG] cheese - null
[2023-04-09T16:14:50.050] [DEBUG] cheese - login => username:admin,password:123456
[2023-04-09T16:14:50.050] [DEBUG] cheese - admin
[2023-04-09T16:14:50.065] [DEBUG] cheese - null
[2023-04-09T16:14:50.066] [DEBUG] cheese - null
[2023-04-10T18:14:01.739] [DEBUG] cheese - login => username:admin,password:123456
[2023-04-10T18:14:01.741] [DEBUG] cheese - admin
[2023-04-10T18:14:01.757] [DEBUG] cheese - null
[2023-04-10T18:14:01.757] [DEBUG] cheese - null
[2023-04-10T18:26:42.539] [DEBUG] cheese - login => username:admin,password:123456
[2023-04-10T18:26:42.540] [DEBUG] cheese - admin
[2023-04-10T18:26:42.548] [DEBUG] cheese - null
[2023-04-10T18:26:42.548] [DEBUG] cheese - null
[2023-04-10T23:41:31.393] [DEBUG] cheese - login => username:admin,password:123456
[2023-04-10T23:41:31.394] [DEBUG] cheese - admin
[2023-04-10T23:41:31.406] [DEBUG] cheese - null
[2023-04-10T23:41:31.406] [DEBUG] cheese - null
[2023-04-11T07:43:14.949] [DEBUG] cheese - login => username:admin,password:123456
[2023-04-11T07:43:14.950] [DEBUG] cheese - admin
[2023-04-11T07:43:14.956] [DEBUG] cheese - null
[2023-04-11T07:43:14.956] [DEBUG] cheese - null
[2023-04-11T07:44:29.772] [DEBUG] cheese - login => username:admin,password:123456
[2023-04-11T07:44:29.773] [DEBUG] cheese - admin
[2023-04-11T07:44:29.789] [DEBUG] cheese - null
[2023-04-11T07:44:29.789] [DEBUG] cheese - null
[2023-04-12T13:35:31.932] [DEBUG] cheese - login => username:admin,password:123456
[2023-04-12T13:35:31.936] [DEBUG] cheese - admin
[2023-04-12T13:35:31.950] [DEBUG] cheese - null
[2023-04-12T13:35:31.950] [DEBUG] cheese - null
[2023-04-12T16:25:03.236] [DEBUG] cheese - null
[2023-04-12T16:25:09.016] [DEBUG] cheese - null
[2023-04-12T16:30:16.824] [DEBUG] cheese - null
[2023-04-12T16:30:27.934] [DEBUG] cheese - null
[2023-04-12T16:33:00.804] [DEBUG] cheese - null
[2023-04-12T16:33:04.817] [DEBUG] cheese - null
[2023-04-12T18:17:13.765] [DEBUG] cheese - login => username:admin,password:123456
[2023-04-12T18:17:13.768] [DEBUG] cheese - admin
[2023-04-12T18:17:13.778] [DEBUG] cheese - null
[2023-04-12T18:17:13.779] [DEBUG] cheese - null
[2023-04-13T18:17:24.768] [DEBUG] cheese - login => username:admin,password:123456
[2023-04-13T18:17:24.774] [DEBUG] cheese - admin
[2023-04-13T18:17:24.793] [DEBUG] cheese - null
[2023-04-13T18:17:24.794] [DEBUG] cheese - null
[2023-04-14T14:17:18.300] [DEBUG] cheese - login => username:admin,password:123456
[2023-04-14T14:17:18.304] [DEBUG] cheese - admin
[2023-04-14T14:17:18.318] [DEBUG] cheese - null
[2023-04-14T14:17:18.319] [DEBUG] cheese - null
[2023-04-14T14:17:30.688] [DEBUG] cheese - login => username:admin,password:123456
[2023-04-14T14:17:30.689] [DEBUG] cheese - admin
[2023-04-14T14:17:30.707] [DEBUG] cheese - null
[2023-04-14T14:17:30.708] [DEBUG] cheese - null
[2023-04-17T14:52:40.516] [DEBUG] cheese - login => username:admin,password:123456
[2023-04-17T14:52:40.523] [DEBUG] cheese - admin
[2023-04-17T14:52:40.574] [DEBUG] cheese - null
[2023-04-17T14:52:40.575] [DEBUG] cheese - null
[2023-04-18T11:20:35.863] [DEBUG] cheese - login => username:admin,password:123456
[2023-04-18T11:20:35.871] [DEBUG] cheese - admin
[2023-04-18T11:20:35.893] [DEBUG] cheese - null
[2023-04-18T11:20:35.895] [DEBUG] cheese - null
[2023-04-19T09:25:23.514] [DEBUG] cheese - login => username:admin,password:123456
[2023-04-19T09:25:23.517] [DEBUG] cheese - admin
[2023-04-19T09:25:23.547] [DEBUG] cheese - null
[2023-04-19T09:25:23.548] [DEBUG] cheese - null
[2023-04-19T12:10:05.953] [DEBUG] cheese - login => username:admin,password:123456
[2023-04-19T12:10:05.958] [DEBUG] cheese - admin
[2023-04-19T12:10:05.987] [DEBUG] cheese - null
[2023-04-19T12:10:05.988] [DEBUG] cheese - null
[2023-04-19T12:22:28.369] [DEBUG] cheese - login => username:admin,password:123456
[2023-04-19T12:22:28.372] [DEBUG] cheese - admin
[2023-04-19T12:22:28.392] [DEBUG] cheese - null
[2023-04-19T12:22:28.393] [DEBUG] cheese - null
[2023-04-19T15:16:13.217] [DEBUG] cheese - null
[2023-04-19T15:42:54.938] [DEBUG] cheese - login => username:admin,password:123456
[2023-04-19T15:42:54.941] [DEBUG] cheese - admin
[2023-04-19T15:42:54.961] [DEBUG] cheese - null
[2023-04-19T15:42:54.962] [DEBUG] cheese - null
[2023-04-19T15:43:46.047] [DEBUG] cheese - login => username:admin,password:123456
[2023-04-19T15:43:46.047] [DEBUG] cheese - admin
[2023-04-19T15:43:46.062] [DEBUG] cheese - null
[2023-04-19T15:43:46.063] [DEBUG] cheese - null
[2023-04-19T15:49:39.793] [DEBUG] cheese - login => username:admin,password:123456
[2023-04-19T15:49:39.794] [DEBUG] cheese - admin
[2023-04-19T15:49:39.808] [DEBUG] cheese - null
[2023-04-19T15:49:39.808] [DEBUG] cheese - null
[2023-04-19T17:23:02.456] [DEBUG] cheese - null
[2023-04-19T17:25:19.841] [DEBUG] cheese - login => username:admin,password:123456
[2023-04-19T17:25:19.842] [DEBUG] cheese - admin
[2023-04-19T17:25:19.857] [DEBUG] cheese - null
[2023-04-19T17:25:19.857] [DEBUG] cheese - null
[2023-04-19T17:27:15.014] [DEBUG] cheese - null
[2023-04-19T17:28:09.903] [DEBUG] cheese - null
[2023-04-19T17:30:45.813] [DEBUG] cheese - null
[2023-04-19T17:32:40.299] [DEBUG] cheese - null
[2023-04-19T17:35:29.856] [DEBUG] cheese - null
[2023-04-19T17:35:43.046] [DEBUG] cheese - null
[2023-04-19T17:36:07.426] [DEBUG] cheese - null
[2023-04-19T17:37:18.804] [DEBUG] cheese - null
[2023-04-19T17:38:04.897] [DEBUG] cheese - null
[2023-04-19T17:38:55.530] [DEBUG] cheese - null
[2023-04-19T17:39:44.765] [DEBUG] cheese - null
[2023-04-19T17:40:02.643] [DEBUG] cheese - null
[2023-04-19T17:42:30.595] [DEBUG] cheese - null
[2023-04-19T17:50:07.658] [DEBUG] cheese - login => username:admin,password:123456
[2023-04-19T17:50:07.661] [DEBUG] cheese - admin
[2023-04-19T17:50:07.680] [DEBUG] cheese - null
[2023-04-19T17:50:07.681] [DEBUG] cheese - null
[2023-04-21T12:24:50.774] [DEBUG] cheese - login => username:admin,password:123456
[2023-04-21T12:24:50.775] [DEBUG] cheese - admin
[2023-04-21T12:24:50.793] [DEBUG] cheese - null
[2023-04-21T12:24:50.793] [DEBUG] cheese - null
[2023-04-21T18:11:47.843] [DEBUG] cheese - login => username:admin,password:123456
[2023-04-21T18:11:47.848] [DEBUG] cheese - admin
[2023-04-21T18:11:47.866] [DEBUG] cheese - null
[2023-04-21T18:11:47.867] [DEBUG] cheese - null
[2023-04-21T22:35:19.814] [DEBUG] cheese - login => username:admin,password:123456
[2023-04-21T22:35:19.816] [DEBUG] cheese - admin
[2023-04-21T22:35:19.834] [DEBUG] cheese - null
[2023-04-21T22:35:19.835] [DEBUG] cheese - null
[2023-04-22T10:39:10.673] [DEBUG] cheese - login => username:admin,password:123456
[2023-04-22T10:39:10.676] [DEBUG] cheese - admin
[2023-04-22T10:39:10.701] [DEBUG] cheese - null
[2023-04-22T10:39:10.702] [DEBUG] cheese - null
[2023-04-22T10:50:54.062] [DEBUG] cheese - login => username:admin,password:123456
[2023-04-22T10:50:54.065] [DEBUG] cheese - admin
[2023-04-22T10:50:54.084] [DEBUG] cheese - null
[2023-04-22T10:50:54.085] [DEBUG] cheese - null
[2023-04-22T11:10:05.277] [DEBUG] cheese - login => username:admin,password:123456
[2023-04-22T11:10:05.278] [DEBUG] cheese - admin
[2023-04-22T11:10:05.299] [DEBUG] cheese - null
[2023-04-22T11:10:05.299] [DEBUG] cheese - null
[2023-04-22T11:32:04.480] [DEBUG] cheese - login => username:admin,password:123456
[2023-04-22T11:32:04.481] [DEBUG] cheese - admin
[2023-04-22T11:32:04.491] [DEBUG] cheese - null
[2023-04-22T11:32:04.491] [DEBUG] cheese - null
[2023-04-22T11:34:53.946] [DEBUG] cheese - login => username:admin,password:123456
[2023-04-22T11:34:53.948] [DEBUG] cheese - admin
[2023-04-22T11:34:53.966] [DEBUG] cheese - null
[2023-04-22T11:34:53.967] [DEBUG] cheese - null
[2023-04-22T11:45:28.812] [DEBUG] cheese - login => username:admin,password:123456
[2023-04-22T11:45:28.815] [DEBUG] cheese - admin
[2023-04-22T11:45:28.824] [DEBUG] cheese - null
[2023-04-22T11:45:28.825] [DEBUG] cheese - null
